<?xml version="1.0" encoding="UTF-8"?>
<testsuite name="SillyTest" tests="5" skipped="0" failures="1" errors="0" timestamp="2022-10-06T22:47:06" hostname="sunny-zenbookux433faux433fa" time="0.107">
  <properties/>
  <testcase name="testTask1" classname="SillyTest" time="0.036"/>
  <testcase name="testTask2" classname="SillyTest" time="0.035">
    <failure message="org.junit.ComparisonFailure: expected:&lt;... calls will return [[0], 1, 2, 3]&gt; but was:&lt;... calls will return [[1], 1, 2, 3]&gt;" type="org.junit.ComparisonFailure">org.junit.ComparisonFailure: expected:&lt;... calls will return [[0], 1, 2, 3]&gt; but was:&lt;... calls will return [[1], 1, 2, 3]&gt;
	at org.junit.Assert.assertEquals(Assert.java:117)
	at org.junit.Assert.assertEquals(Assert.java:146)
	at SillyTest.testTask2(SillyTest.java:51)
	at java.base/jdk.internal.reflect.NativeMethodAccessorImpl.invoke0(Native Method)
	at java.base/jdk.internal.reflect.NativeMethodAccessorImpl.invoke(NativeMethodAccessorImpl.java:62)
	at java.base/jdk.internal.reflect.DelegatingMethodAccessorImpl.invoke(DelegatingMethodAccessorImpl.java:43)
	at java.base/java.lang.reflect.Method.invoke(Method.java:566)
	at org.junit.runners.model.FrameworkMethod$1.runReflectiveCall(FrameworkMethod.java:59)
	at org.junit.internal.runners.model.ReflectiveCallable.run(ReflectiveCallable.java:12)
	at org.junit.runners.model.FrameworkMethod.invokeExplosively(FrameworkMethod.java:56)
	at org.junit.internal.runners.statements.InvokeMethod.evaluate(InvokeMethod.java:17)
	at org.junit.internal.runners.statements.FailOnTimeout$CallableStatement.call(FailOnTimeout.java:288)
	at org.junit.internal.runners.statements.FailOnTimeout$CallableStatement.call(FailOnTimeout.java:282)
	at java.base/java.util.concurrent.FutureTask.run(FutureTask.java:264)
	at java.base/java.lang.Thread.run(Thread.java:829)
</failure>
  </testcase>
  <testcase name="testTask3" classname="SillyTest" time="0.015"/>
  <testcase name="testTask4" classname="SillyTest" time="0.018"/>
  <testcase name="testTask5" classname="SillyTest" time="0.001"/>
  <system-out><![CDATA[]]></system-out>
  <system-err><![CDATA[]]></system-err>
</testsuite>
